<?xml version="1.0" encoding="UTF-8"?>
<testng-results skipped="0" failed="0" ignored="0" total="1" passed="1">
  <reporter-output>
  </reporter-output>
  <suite name="Page Object Model with Page Factories" duration-ms="77910" started-at="2022-07-13T18:11:54 IST" finished-at="2022-07-13T18:13:12 IST">
    <groups>
    </groups>
    <test name="AddEmployeeTest" duration-ms="77910" started-at="2022-07-13T18:11:54 IST" finished-at="2022-07-13T18:13:12 IST">
      <class name="com.osm.testcases.ValidateAddEmployee">
        <test-method status="PASS" signature="validateAddEmployeeTest()[pri:0, instance:com.osm.testcases.ValidateAddEmployee@5b239d7d]" name="validateAddEmployeeTest" duration-ms="77845" started-at="2022-07-13T18:11:54 IST" finished-at="2022-07-13T18:13:12 IST">
          <reporter-output>
          </reporter-output>
        </test-method> <!-- validateAddEmployeeTest -->
      </class> <!-- com.osm.testcases.ValidateAddEmployee -->
    </test> <!-- AddEmployeeTest -->
  </suite> <!-- Page Object Model with Page Factories -->
</testng-results>
