<?xml version="1.0" encoding="UTF-8"?>
<testng-results skipped="0" failed="0" ignored="0" total="1" passed="1">
  <reporter-output>
  </reporter-output>
  <suite name="Default suite" duration-ms="24209" started-at="2022-07-13T14:55:54 IST" finished-at="2022-07-13T14:56:19 IST">
    <groups>
    </groups>
    <test name="Default test" duration-ms="24209" started-at="2022-07-13T14:55:54 IST" finished-at="2022-07-13T14:56:19 IST">
      <class name="com.osm.testcases.ValidateAddEmployee">
        <test-method status="PASS" signature="validateAddEmployeeTest()[pri:0, instance:com.osm.testcases.ValidateAddEmployee@7e9a5fbe]" name="validateAddEmployeeTest" duration-ms="24132" started-at="2022-07-13T14:55:54 IST" finished-at="2022-07-13T14:56:19 IST">
          <reporter-output>
          </reporter-output>
        </test-method> <!-- validateAddEmployeeTest -->
      </class> <!-- com.osm.testcases.ValidateAddEmployee -->
    </test> <!-- Default test -->
  </suite> <!-- Default suite -->
</testng-results>
